  main.cpp
c:\users\alex\openframeworks\of_v0.10.1_vs2017_release\addons\ofxdatgui\src\components\ofxdatguislider.h(339): warning C4018: '<': signed/unsigned mismatch
c:\users\alex\openframeworks\of_v0.10.1_vs2017_release\addons\ofxdatgui\src\components\ofxdatguimatrix.h(184): warning C4018: '<': signed/unsigned mismatch
c:\users\alex\openframeworks\of_v0.10.1_vs2017_release\addons\ofxdatgui\src\components\ofxdatguimatrix.h(208): warning C4018: '<': signed/unsigned mismatch
c:\users\alex\openframeworks\of_v0.10.1_vs2017_release\addons\ofxdatgui\src\components\ofxdatguimatrix.h(211): warning C4018: '<': signed/unsigned mismatch
c:\users\alex\openframeworks\of_v0.10.1_vs2017_release\addons\ofxdatgui\src\components\ofxdatguimatrix.h(223): warning C4018: '<': signed/unsigned mismatch
c:\users\alex\openframeworks\of_v0.10.1_vs2017_release\addons\ofxdatgui\src\components\ofxdatguimatrix.h(229): warning C4018: '<': signed/unsigned mismatch
c:\users\alex\openframeworks\of_v0.10.1_vs2017_release\addons\ofxdatgui\src\components\ofxdatguimatrix.h(235): warning C4018: '<': signed/unsigned mismatch
c:\users\alex\openframeworks\of_v0.10.1_vs2017_release\addons\ofxdatgui\src\components\ofxdatguimatrix.h(242): warning C4018: '<': signed/unsigned mismatch
c:\users\alex\openframeworks\of_v0.10.1_vs2017_release\addons\ofxdatgui\src\components\ofxdatguimatrix.h(276): warning C4018: '<': signed/unsigned mismatch
c:\users\alex\openframeworks\of_v0.10.1_vs2017_release\addons\ofxdatgui\src\components\ofxdatguimatrix.h(283): warning C4018: '<': signed/unsigned mismatch
c:\users\alex\openframeworks\of_v0.10.1_vs2017_release\addons\ofxdatgui\src\components\ofxdatguitimegraph.h(91): warning C4018: '<': signed/unsigned mismatch
c:\users\alex\openframeworks\of_v0.10.1_vs2017_release\addons\ofxdatgui\src\components\ofxdatguitimegraph.h(105): warning C4018: '<': signed/unsigned mismatch
c:\users\alex\openframeworks\of_v0.10.1_vs2017_release\addons\ofxdatgui\src\components\ofxdatguitimegraph.h(116): warning C4018: '<': signed/unsigned mismatch
c:\users\alex\openframeworks\of_v0.10.1_vs2017_release\addons\ofxdatgui\src\components\ofxdatguitimegraph.h(127): warning C4018: '<': signed/unsigned mismatch
c:\users\alex\openframeworks\of_v0.10.1_vs2017_release\addons\ofxdatgui\src\components\ofxdatguitimegraph.h(286): warning C4018: '<': signed/unsigned mismatch
c:\users\alex\openframeworks\of_v0.10.1_vs2017_release\addons\ofxdatgui\src\components\ofxdatguitimegraph.h(288): warning C4018: '<': signed/unsigned mismatch
c:\users\alex\openframeworks\of_v0.10.1_vs2017_release\addons\ofxdatgui\src\components\ofxdatguiscrollview.h(123): warning C4018: '<': signed/unsigned mismatch
c:\users\alex\openframeworks\of_v0.10.1_vs2017_release\addons\ofxdatgui\src\components\ofxdatguiscrollview.h(147): warning C4018: '<': signed/unsigned mismatch
c:\users\alex\openframeworks\of_v0.10.1_vs2017_release\addons\ofxdatgui\src\components\ofxdatguiscrollview.h(217): warning C4018: '<': signed/unsigned mismatch
c:\users\alex\openframeworks\of_v0.10.1_vs2017_release\addons\ofxdatgui\src\components\ofxdatguiscrollview.h(312): warning C4018: '<': signed/unsigned mismatch
c:\users\alex\openframeworks\of_v0.10.1_vs2017_release\addons\ofxdatgui\src\components\ofxdatguiscrollview.h(319): warning C4018: '<': signed/unsigned mismatch
c:\users\alex\openframeworks\of_v0.10.1_vs2017_release\addons\ofxdatgui\src\components\ofxdatguiscrollview.h(330): warning C4018: '<': signed/unsigned mismatch
c:\users\alex\openframeworks\of_v0.10.1_vs2017_release\addons\ofxdatgui\src\components\ofxdatguiscrollview.h(339): warning C4018: '<': signed/unsigned mismatch
c:\users\alex\openframeworks\of_v0.10.1_vs2017_release\addons\ofxdatgui\src\components\ofxdatguigroups.h(97): warning C4018: '<': signed/unsigned mismatch
c:\users\alex\openframeworks\of_v0.10.1_vs2017_release\addons\ofxdatgui\src\components\ofxdatguigroups.h(107): warning C4018: '<': signed/unsigned mismatch
c:\users\alex\openframeworks\of_v0.10.1_vs2017_release\addons\ofxdatgui\src\components\ofxdatguigroups.h(121): warning C4018: '<': signed/unsigned mismatch
c:\users\alex\openframeworks\of_v0.10.1_vs2017_release\addons\ofxdatgui\src\components\ofxdatguigroups.h(197): warning C4018: '<': signed/unsigned mismatch
c:\users\alex\openframeworks\of_v0.10.1_vs2017_release\addons\ofxdatgui\src\components\ofxdatguigroups.h(404): warning C4018: '<': signed/unsigned mismatch
c:\users\alex\openframeworks\of_v0.10.1_vs2017_release\addons\ofxdatgui\src\components\ofxdatguigroups.h(454): warning C4018: '<': signed/unsigned mismatch
c:\users\alex\openframeworks\of_v0.10.1_vs2017_release\addons\ofxdatgui\src\components\ofxdatguigroups.h(483): warning C4018: '>=': signed/unsigned mismatch
c:\users\alex\openframeworks\of_v0.10.1_vs2017_release\addons\ofxdatgui\src\components\ofxdatguigroups.h(521): warning C4018: '<': signed/unsigned mismatch
  TP1.vcxproj -> C:\Users\Alex\openFrameworks\of_v0.10.1_vs2017_release\apps\myApps\TP1\bin\TP1_debug.exe
  
  	                   2	C:\Users\Alex\openFrameworks\of_v0.10.1_vs2017_release\libs\fmodex\lib\vs\Win32\
  	  *EXTRA File 		 6018560	C:\Users\Alex\openFrameworks\of_v0.10.1_vs2017_release\apps\myApps\TP1\bin\FreeImage.dll
  
  	                   1	C:\Users\Alex\openFrameworks\of_v0.10.1_vs2017_release\libs\FreeImage\lib\vs\Win32\
  	  *EXTRA File 		 1266176	C:\Users\Alex\openFrameworks\of_v0.10.1_vs2017_release\apps\myApps\TP1\bin\fmodex.dll
  	  *EXTRA File 		 1312768	C:\Users\Alex\openFrameworks\of_v0.10.1_vs2017_release\apps\myApps\TP1\bin\fmodexL.dll
